D:\PROJECTS\NONLINEAR\CPUDICHOTOMY\DEBUG\CPUDICHOTOMY.OBJ
D:\PROJECTS\NONLINEAR\CPUDICHOTOMY\DEBUG\VC110.PDB
D:\PROJECTS\NONLINEAR\DEBUG\CPUDICHOTOMY.ILK
D:\PROJECTS\NONLINEAR\DEBUG\CPUDICHOTOMY.EXE
D:\PROJECTS\NONLINEAR\DEBUG\CPUDICHOTOMY.PDB
D:\Projects\nonlinear\cpudichotomy\Debug\cpudichotomy.obj
D:\Projects\nonlinear\cpudichotomy\Debug\cl.command.1.tlog
D:\Projects\nonlinear\cpudichotomy\Debug\CL.read.1.tlog
D:\Projects\nonlinear\cpudichotomy\Debug\CL.write.1.tlog
D:\Projects\nonlinear\cpudichotomy\Debug\link-cvtres.read.1.tlog
D:\Projects\nonlinear\cpudichotomy\Debug\link-cvtres.write.1.tlog
D:\Projects\nonlinear\cpudichotomy\Debug\link-rc.read.1.tlog
D:\Projects\nonlinear\cpudichotomy\Debug\link-rc.write.1.tlog
D:\Projects\nonlinear\cpudichotomy\Debug\link.command.1.tlog
D:\Projects\nonlinear\cpudichotomy\Debug\link.read.1.tlog
D:\Projects\nonlinear\cpudichotomy\Debug\link.write.1.tlog
D:\Projects\nonlinear\cpudichotomy\Debug\vc110.idb
D:\Projects\nonlinear\cpudichotomy\Debug\vc110.pdb
D:\Projects\nonlinear\Debug\cpudichotomy.pdb
D:\Projects\nonlinear\Debug\cpudichotomy.exe
D:\Projects\nonlinear\Debug\cpudichotomy.ilk
